TensorFlow 2.0 Upgrade Script
-----------------------------
Converted 2 files
Detected 4 issues that require attention
--------------------------------------------------------------------------------
--------------------------------------------------------------------------------
File: .\tf_glove\tf_glove.py
--------------------------------------------------------------------------------
.\tf_glove\tf_glove.py:88:30: WARNING: tf.nn.embedding_lookup requires manual check. `partition_strategy` has been removed from tf.nn.embedding_lookup.  The 'div' strategy will be used by default.
.\tf_glove\tf_glove.py:89:32: WARNING: tf.nn.embedding_lookup requires manual check. `partition_strategy` has been removed from tf.nn.embedding_lookup.  The 'div' strategy will be used by default.
.\tf_glove\tf_glove.py:90:25: WARNING: tf.nn.embedding_lookup requires manual check. `partition_strategy` has been removed from tf.nn.embedding_lookup.  The 'div' strategy will be used by default.
.\tf_glove\tf_glove.py:91:27: WARNING: tf.nn.embedding_lookup requires manual check. `partition_strategy` has been removed from tf.nn.embedding_lookup.  The 'div' strategy will be used by default.
================================================================================
Detailed log follows:

================================================================================
================================================================================
Input tree: '.\\tf_glove'
================================================================================
--------------------------------------------------------------------------------
Processing file '.\\tf_glove\\tf_glove.py'
 outputting to './tf_glove_2\\tf_glove.py'
--------------------------------------------------------------------------------

69:33: INFO: Renamed 'tf.placeholder' to 'tf.compat.v1.placeholder'
71:35: INFO: Renamed 'tf.placeholder' to 'tf.compat.v1.placeholder'
73:40: INFO: Renamed 'tf.placeholder' to 'tf.compat.v1.placeholder'
77:16: INFO: Renamed 'tf.random_uniform' to 'tf.random.uniform'
80:16: INFO: Renamed 'tf.random_uniform' to 'tf.random.uniform'
83:39: INFO: Renamed 'tf.random_uniform' to 'tf.random.uniform'
85:41: INFO: Renamed 'tf.random_uniform' to 'tf.random.uniform'
88:30: INFO: Added keywords to args of function 'tf.nn.embedding_lookup'
88:30: WARNING: tf.nn.embedding_lookup requires manual check. `partition_strategy` has been removed from tf.nn.embedding_lookup.  The 'div' strategy will be used by default.
89:32: INFO: Added keywords to args of function 'tf.nn.embedding_lookup'
89:32: WARNING: tf.nn.embedding_lookup requires manual check. `partition_strategy` has been removed from tf.nn.embedding_lookup.  The 'div' strategy will be used by default.
90:25: INFO: Added keywords to args of function 'tf.nn.embedding_lookup'
90:25: WARNING: tf.nn.embedding_lookup requires manual check. `partition_strategy` has been removed from tf.nn.embedding_lookup.  The 'div' strategy will be used by default.
91:27: INFO: Added keywords to args of function 'tf.nn.embedding_lookup'
91:27: WARNING: tf.nn.embedding_lookup requires manual check. `partition_strategy` has been removed from tf.nn.embedding_lookup.  The 'div' strategy will be used by default.
96:20: INFO: Renamed 'tf.div' to 'tf.compat.v1.div'
99:32: INFO: Added keywords to args of function 'tf.reduce_sum'
101:32: INFO: Renamed 'tf.log' to 'tf.math.log'
101:39: INFO: Changed tf.to_float call to tf.cast(..., dtype=tf.float32).
110:32: INFO: Added keywords to args of function 'tf.reduce_sum'
111:12: INFO: tf.summary.scalar requires manual check. The TF 1.x summary API cannot be automatically migrated to TF 2.0, so symbols have been converted to tf.compat.v1.summary.* and must be migrated manually. Typical usage will only require changes to the summary writing logic, not to individual calls like scalar(). For examples of the new summary API, see the Effective TF 2.0 migration document or check the TF 2.0 TensorBoard tutorials.
111:12: INFO: Renamed 'tf.summary.scalar' to 'tf.compat.v1.summary.scalar'
112:31: INFO: Renamed 'tf.train.AdagradOptimizer' to 'tf.compat.v1.train.AdagradOptimizer'
114:29: INFO: tf.summary.merge_all requires manual check. The TF 1.x summary API cannot be automatically migrated to TF 2.0, so symbols have been converted to tf.compat.v1.summary.* and must be migrated manually. Typical usage will only require changes to the summary writing logic, not to individual calls like scalar(). For examples of the new summary API, see the Effective TF 2.0 migration document or check the TF 2.0 TensorBoard tutorials.
114:29: INFO: Renamed 'tf.summary.merge_all' to 'tf.compat.v1.summary.merge_all'
125:13: INFO: Renamed 'tf.Session' to 'tf.compat.v1.Session'
128:33: INFO: tf.summary.FileWriter requires manual check. The TF 1.x summary API cannot be automatically migrated to TF 2.0, so symbols have been converted to tf.compat.v1.summary.* and must be migrated manually. Typical usage will only require changes to the summary writing logic, not to individual calls like scalar(). For examples of the new summary API, see the Effective TF 2.0 migration document or check the TF 2.0 TensorBoard tutorials.
128:33: INFO: Renamed 'tf.summary.FileWriter' to 'tf.compat.v1.summary.FileWriter'
129:12: INFO: Renamed 'tf.global_variables_initializer' to 'tf.compat.v1.global_variables_initializer'
--------------------------------------------------------------------------------

--------------------------------------------------------------------------------
Processing file '.\\tf_glove\\proof_of_concept\\corpus_tools.py'
 outputting to './tf_glove_2\\proof_of_concept\\corpus_tools.py'
--------------------------------------------------------------------------------


--------------------------------------------------------------------------------

